RUN	com.gatling.tests.sauceDemoWepApp.RecordedSimulationSauceDemo_IsolatedModule	recordedsimulationsaucedemo-isolatedmodule	1699997051294	 	3.6.1
USER	admins	START	1699997052484
USER	users	START	1699997052484
REQUEST		HomePage_SauceDemo	1699997052508	1699997052902	OK	 
REQUEST		HomePage_SauceDemo	1699997052508	1699997052971	OK	 
USER	users	START	1699997052981
REQUEST		HomePage_SauceDemo	1699997052981	1699997053192	OK	 
USER	users	START	1699997053481
REQUEST		HomePage_SauceDemo	1699997053482	1699997053701	OK	 
USER	users	START	1699997053983
REQUEST		HomePage_SauceDemo	1699997053984	1699997054211	OK	 
USER	users	START	1699997054488
REQUEST		HomePage_SauceDemo	1699997054488	1699997054862	OK	 
USER	users	START	1699997055474
REQUEST		HomePage_SauceDemo	1699997055475	1699997055783	OK	 
USER	users	START	1699997055977
REQUEST		HomePage_SauceDemo	1699997055978	1699997056192	OK	 
USER	users	START	1699997056476
REQUEST		HomePage_SauceDemo	1699997056477	1699997056692	OK	 
USER	users	START	1699997056979
REQUEST		HomePage_SauceDemo	1699997056979	1699997057182	OK	 
USER	admins	START	1699997057478
USER	users	START	1699997057478
REQUEST		HomePage_SauceDemo	1699997057478	1699997057693	OK	 
REQUEST		HomePage_SauceDemo	1699997057478	1699997057701	OK	 
USER	users	START	1699997058479
REQUEST		HomePage_SauceDemo	1699997058479	1699997058682	OK	 
USER	users	START	1699997058978
REQUEST		HomePage_SauceDemo	1699997058979	1699997059192	OK	 
USER	users	START	1699997059480
REQUEST		HomePage_SauceDemo	1699997059480	1699997059722	OK	 
USER	users	START	1699997059975
REQUEST		HomePage_SauceDemo	1699997059976	1699997060211	OK	 
USER	users	START	1699997060477
REQUEST		HomePage_SauceDemo	1699997060477	1699997060682	OK	 
USER	users	START	1699997061484
REQUEST		HomePage_SauceDemo	1699997061485	1699997061711	OK	 
USER	users	START	1699997061982
REQUEST		HomePage_SauceDemo	1699997061983	1699997062192	OK	 
USER	users	START	1699997062484
USER	admins	START	1699997062484
REQUEST		HomePage_SauceDemo	1699997062484	1699997062701	OK	 
REQUEST		HomePage_SauceDemo	1699997062484	1699997062732	OK	 
USER	users	START	1699997062970
REQUEST		HomePage_SauceDemo	1699997062970	1699997063181	OK	 
USER	users	START	1699997063489
REQUEST		HomePage_SauceDemo	1699997063490	1699997063712	OK	 
USER	users	START	1699997064475
REQUEST		HomePage_SauceDemo	1699997064476	1699997064692	OK	 
USER	users	START	1699997064976
REQUEST		HomePage_SauceDemo	1699997064977	1699997065202	OK	 
USER	users	START	1699997065476
REQUEST		HomePage_SauceDemo	1699997065477	1699997065682	OK	 
USER	users	START	1699997065973
REQUEST		HomePage_SauceDemo	1699997065974	1699997066182	OK	 
USER	users	START	1699997066476
REQUEST		HomePage_SauceDemo	1699997066476	1699997066672	OK	 
USER	users	START	1699997067479
REQUEST		HomePage_SauceDemo	1699997067479	1699997067702	OK	 
USER	users	START	1699997067979
REQUEST		HomePage_SauceDemo	1699997067979	1699997068192	OK	 
USER	users	START	1699997068477
REQUEST		HomePage_SauceDemo	1699997068477	1699997068762	OK	 
USER	users	START	1699997068979
REQUEST		HomePage_SauceDemo	1699997068980	1699997069191	OK	 
USER	users	START	1699997069484
REQUEST		HomePage_SauceDemo	1699997069484	1699997069692	OK	 
USER	users	START	1699997070471
REQUEST		HomePage_SauceDemo	1699997070471	1699997070672	OK	 
USER	users	START	1699997070971
REQUEST		HomePage_SauceDemo	1699997070972	1699997071172	OK	 
USER	users	START	1699997071472
REQUEST		HomePage_SauceDemo	1699997071472	1699997071672	OK	 
USER	users	START	1699997071971
REQUEST		HomePage_SauceDemo	1699997071971	1699997072191	OK	 
USER	users	START	1699997072471
REQUEST		HomePage_SauceDemo	1699997072472	1699997072672	OK	 
USER	users	START	1699997073484
REQUEST		HomePage_SauceDemo	1699997073484	1699997073702	OK	 
USER	users	START	1699997073984
USER	users	END	1699997074006
REQUEST		Inventory	1699997074002	1699997074072	OK	 
REQUEST		HomePage_SauceDemo	1699997073985	1699997074191	OK	 
USER	users	END	1699997074206
USER	users	START	1699997074473
REQUEST		HomePage_SauceDemo	1699997074473	1699997074692	OK	 
USER	users	END	1699997074707
USER	users	START	1699997074969
REQUEST		HomePage_SauceDemo	1699997074970	1699997075172	OK	 
USER	users	END	1699997075246
USER	users	START	1699997075473
REQUEST		HomePage_SauceDemo	1699997075473	1699997075682	OK	 
USER	users	END	1699997075877
USER	users	START	1699997076483
REQUEST		HomePage_SauceDemo	1699997076483	1699997076692	OK	 
USER	users	END	1699997076795
USER	users	START	1699997076982
REQUEST		HomePage_SauceDemo	1699997076983	1699997077182	OK	 
USER	users	END	1699997077203
USER	users	START	1699997077471
REQUEST		HomePage_SauceDemo	1699997077471	1699997077672	OK	 
USER	users	END	1699997077706
USER	users	START	1699997077974
REQUEST		HomePage_SauceDemo	1699997077975	1699997078181	OK	 
USER	users	END	1699997078194
USER	users	START	1699997078477
REQUEST		HomePage_SauceDemo	1699997078478	1699997078692	OK	 
USER	users	END	1699997078696
REQUEST		Inventory	1699997078712	1699997078781	OK	 
USER	users	START	1699997079483
REQUEST		HomePage_SauceDemo	1699997079483	1699997079682	OK	 
USER	users	END	1699997079688
USER	users	START	1699997079984
USER	users	END	1699997080204
USER	users	START	1699997080486
REQUEST		HomePage_SauceDemo	1699997080486	1699997080702	OK	 
USER	users	END	1699997080737
USER	users	START	1699997080973
REQUEST		HomePage_SauceDemo	1699997080973	1699997081172	OK	 
USER	users	END	1699997081224
USER	users	START	1699997081476
REQUEST		HomePage_SauceDemo	1699997081476	1699997081692	OK	 
USER	users	END	1699997081697
USER	users	END	1699997082728
USER	users	END	1699997083197
USER	users	END	1699997083741
REQUEST		Inventory	1699997083709	1699997083781	OK	 
USER	users	END	1699997084195
USER	users	END	1699997084728
USER	users	END	1699997085705
USER	users	END	1699997086207
USER	users	END	1699997086692
USER	users	END	1699997087196
USER	users	END	1699997087676
REQUEST		CartPage	1699997088142	1699997088212	OK	 
USER	users	END	1699997088708
USER	users	END	1699997089210
USER	users	END	1699997089774
USER	users	END	1699997090195
REQUEST		HomePage_SauceDemo	1699997079985	1699997090222	OK	 
USER	users	END	1699997090709
USER	users	END	1699997091679
USER	users	END	1699997092182
USER	users	END	1699997092687
REQUEST		CartPage	1699997092794	1699997092865	OK	 
USER	users	END	1699997093203
USER	users	END	1699997093687
USER	users	END	1699997094715
USER	users	END	1699997095199
USER	users	END	1699997095704
USER	users	END	1699997096188
USER	users	END	1699997096691
USER	users	END	1699997097697
REQUEST		CartPage	1699997097789	1699997097862	OK	 
USER	users	END	1699997098199
USER	users	END	1699997098682
USER	users	END	1699997099190
USER	users	END	1699997099704
USER	users	END	1699997100689
USER	users	END	1699997101705
USER	users	END	1699997102188
USER	users	END	1699997102707
REQUEST		Checkout1	1699997103225	1699997103291	OK	 
REQUEST		Checkout1	1699997107868	1699997107942	OK	 
USER	users	END	1699997111233
REQUEST		Checkout1	1699997112870	1699997112941	OK	 
REQUEST		Checkout2	1699997117296	1699997117362	OK	 
REQUEST		Checkout2	1699997121959	1699997122032	OK	 
REQUEST		CompleteCheckout	1699997126372	1699997126443	OK	 
REQUEST		Checkout2	1699997126948	1699997127022	OK	 
REQUEST		CompleteCheckout	1699997131041	1699997131112	OK	 
REQUEST		CompleteCheckout	1699997136033	1699997136102	OK	 
USER	admins	END	1699997144462
USER	admins	END	1699997149127
USER	admins	END	1699997154114
